{"event":"INVENTORY_REMOVE_BRANCH_ASSIGNMENT","timestamp":"2026-01-30T13:31:10.224Z","userId":"f81b18b1-0aa7-4614-9206-fe4afa81f061","userEmail":"admin@example.com","userRole":"SUPER_ADMIN","organizationId":1,"result":"SUCCESS","details":{"assignmentIds":[5],"count":1,"productId":null}}
{"event":"INVENTORY_REMOVE_BRANCH_ASSIGNMENT","timestamp":"2026-01-30T14:22:53.228Z","userId":"f81b18b1-0aa7-4614-9206-fe4afa81f061","userEmail":"admin@example.com","userRole":"SUPER_ADMIN","organizationId":1,"result":"SUCCESS","details":{"assignmentIds":[4],"count":1,"productId":null}}
{"event":"INVENTORY_ASSIGN_BRANCH_ASSIGNMENT","timestamp":"2026-01-30T14:49:54.770Z","userId":"f81b18b1-0aa7-4614-9206-fe4afa81f061","userEmail":"admin@example.com","userRole":"SUPER_ADMIN","organizationId":1,"result":"SUCCESS","details":{"productIds":[19],"assignmentIds":[10],"count":1,"branchIds":[1],"skipped":0}}
{"event":"INVENTORY_ASSIGN_BRANCH_ASSIGNMENT","timestamp":"2026-01-30T14:50:11.576Z","userId":"f81b18b1-0aa7-4614-9206-fe4afa81f061","userEmail":"admin@example.com","userRole":"SUPER_ADMIN","organizationId":1,"result":"SUCCESS","details":{"productIds":[19],"assignmentIds":[11],"count":1,"branchIds":[2],"skipped":0}}
{"event":"INVENTORY_REMOVE_BRANCH_ASSIGNMENT","timestamp":"2026-01-30T15:12:50.156Z","userId":"f81b18b1-0aa7-4614-9206-fe4afa81f061","userEmail":"admin@example.com","userRole":"SUPER_ADMIN","organizationId":1,"result":"SUCCESS","details":{"assignmentIds":[69],"count":1,"productId":null}}
{"event":"INVENTORY_REMOVE_BRANCH_ASSIGNMENT","timestamp":"2026-01-30T15:12:50.285Z","userId":"f81b18b1-0aa7-4614-9206-fe4afa81f061","userEmail":"admin@example.com","userRole":"SUPER_ADMIN","organizationId":1,"result":"SUCCESS","details":{"assignmentIds":[3],"count":1,"productId":null}}
{"event":"INVENTORY_REMOVE_BRANCH_ASSIGNMENT","timestamp":"2026-01-30T15:12:50.866Z","userId":"f81b18b1-0aa7-4614-9206-fe4afa81f061","userEmail":"admin@example.com","userRole":"SUPER_ADMIN","organizationId":1,"result":"SUCCESS","details":{"assignmentIds":[10],"count":1,"productId":null}}
{"event":"INVENTORY_REMOVE_BRANCH_ASSIGNMENT","timestamp":"2026-01-30T15:12:50.875Z","userId":"f81b18b1-0aa7-4614-9206-fe4afa81f061","userEmail":"admin@example.com","userRole":"SUPER_ADMIN","organizationId":1,"result":"SUCCESS","details":{"assignmentIds":[67],"count":1,"productId":null}}
{"event":"INVENTORY_ASSIGN_BRANCH_ASSIGNMENT","timestamp":"2026-01-30T15:16:16.404Z","userId":"f81b18b1-0aa7-4614-9206-fe4afa81f061","userEmail":"admin@example.com","userRole":"SUPER_ADMIN","organizationId":1,"result":"SUCCESS","details":{"productIds":[20,19,13,3],"assignmentIds":[69,3,67,10],"count":4,"branchIds":[1],"skipped":0}}
{"event":"INVENTORY_REMOVE_BRANCH_ASSIGNMENT","timestamp":"2026-01-30T15:16:48.893Z","userId":"f81b18b1-0aa7-4614-9206-fe4afa81f061","userEmail":"admin@example.com","userRole":"SUPER_ADMIN","organizationId":1,"result":"SUCCESS","details":{"assignmentIds":[69],"count":1,"productId":null}}
{"event":"INVENTORY_REMOVE_BRANCH_ASSIGNMENT","timestamp":"2026-01-30T15:16:48.904Z","userId":"f81b18b1-0aa7-4614-9206-fe4afa81f061","userEmail":"admin@example.com","userRole":"SUPER_ADMIN","organizationId":1,"result":"SUCCESS","details":{"assignmentIds":[3],"count":1,"productId":null}}
{"event":"INVENTORY_REMOVE_BRANCH_ASSIGNMENT","timestamp":"2026-01-30T15:16:49.404Z","userId":"f81b18b1-0aa7-4614-9206-fe4afa81f061","userEmail":"admin@example.com","userRole":"SUPER_ADMIN","organizationId":1,"result":"SUCCESS","details":{"assignmentIds":[10],"count":1,"productId":null}}
{"event":"INVENTORY_REMOVE_BRANCH_ASSIGNMENT","timestamp":"2026-01-30T15:16:49.432Z","userId":"f81b18b1-0aa7-4614-9206-fe4afa81f061","userEmail":"admin@example.com","userRole":"SUPER_ADMIN","organizationId":1,"result":"SUCCESS","details":{"assignmentIds":[67],"count":1,"productId":null}}
{"event":"INVENTORY_ASSIGN_BRANCH_ASSIGNMENT","timestamp":"2026-01-30T15:16:59.839Z","userId":"f81b18b1-0aa7-4614-9206-fe4afa81f061","userEmail":"admin@example.com","userRole":"SUPER_ADMIN","organizationId":1,"result":"SUCCESS","details":{"productIds":[21,20,19,13,3,1],"assignmentIds":[1,5,69,3,10,67],"count":6,"branchIds":[1],"skipped":0}}
{"event":"INVENTORY_REMOVE_BRANCH_ASSIGNMENT","timestamp":"2026-01-30T15:18:11.761Z","userId":"f81b18b1-0aa7-4614-9206-fe4afa81f061","userEmail":"admin@example.com","userRole":"SUPER_ADMIN","organizationId":1,"result":"SUCCESS","details":{"assignmentIds":[70],"count":1,"productId":null}}
{"event":"INVENTORY_REMOVE_BRANCH_ASSIGNMENT","timestamp":"2026-01-30T15:18:11.770Z","userId":"f81b18b1-0aa7-4614-9206-fe4afa81f061","userEmail":"admin@example.com","userRole":"SUPER_ADMIN","organizationId":1,"result":"SUCCESS","details":{"assignmentIds":[68],"count":1,"productId":null}}
{"event":"INVENTORY_REMOVE_BRANCH_ASSIGNMENT","timestamp":"2026-01-30T15:18:13.113Z","userId":"f81b18b1-0aa7-4614-9206-fe4afa81f061","userEmail":"admin@example.com","userRole":"SUPER_ADMIN","organizationId":1,"result":"SUCCESS","details":{"assignmentIds":[11],"count":1,"productId":null}}
{"event":"INVENTORY_REMOVE_BRANCH_ASSIGNMENT","timestamp":"2026-01-30T15:18:13.175Z","userId":"f81b18b1-0aa7-4614-9206-fe4afa81f061","userEmail":"admin@example.com","userRole":"SUPER_ADMIN","organizationId":1,"result":"SUCCESS","details":{"assignmentIds":[66],"count":1,"productId":null}}
{"event":"INVENTORY_REMOVE_BRANCH_ASSIGNMENT","timestamp":"2026-01-30T15:18:13.189Z","userId":"f81b18b1-0aa7-4614-9206-fe4afa81f061","userEmail":"admin@example.com","userRole":"SUPER_ADMIN","organizationId":1,"result":"SUCCESS","details":{"assignmentIds":[2],"count":1,"productId":null}}
{"event":"INVENTORY_ASSIGN_BRANCH_ASSIGNMENT","timestamp":"2026-01-30T15:28:22.406Z","userId":"f81b18b1-0aa7-4614-9206-fe4afa81f061","userEmail":"admin@example.com","userRole":"SUPER_ADMIN","organizationId":1,"result":"SUCCESS","details":{"productIds":[23,21,20,19,13,3,1],"assignmentIds":[4,70,68,11,66,2,73],"count":7,"branchIds":[2],"skipped":0}}
{"event":"INVENTORY_REMOVE_BRANCH_ASSIGNMENT","timestamp":"2026-01-30T15:28:37.147Z","userId":"f81b18b1-0aa7-4614-9206-fe4afa81f061","userEmail":"admin@example.com","userRole":"SUPER_ADMIN","organizationId":1,"result":"SUCCESS","details":{"assignmentIds":[69],"count":1,"productId":null}}
{"event":"INVENTORY_REMOVE_BRANCH_ASSIGNMENT","timestamp":"2026-01-30T15:28:37.449Z","userId":"f81b18b1-0aa7-4614-9206-fe4afa81f061","userEmail":"admin@example.com","userRole":"SUPER_ADMIN","organizationId":1,"result":"SUCCESS","details":{"assignmentIds":[1],"count":1,"productId":null}}
{"event":"INVENTORY_REMOVE_BRANCH_ASSIGNMENT","timestamp":"2026-01-30T15:28:38.072Z","userId":"f81b18b1-0aa7-4614-9206-fe4afa81f061","userEmail":"admin@example.com","userRole":"SUPER_ADMIN","organizationId":1,"result":"SUCCESS","details":{"assignmentIds":[5],"count":1,"productId":null}}
{"event":"INVENTORY_REMOVE_BRANCH_ASSIGNMENT","timestamp":"2026-01-30T15:28:38.079Z","userId":"f81b18b1-0aa7-4614-9206-fe4afa81f061","userEmail":"admin@example.com","userRole":"SUPER_ADMIN","organizationId":1,"result":"SUCCESS","details":{"assignmentIds":[3],"count":1,"productId":null}}
{"event":"INVENTORY_REMOVE_BRANCH_ASSIGNMENT","timestamp":"2026-01-30T15:28:38.086Z","userId":"f81b18b1-0aa7-4614-9206-fe4afa81f061","userEmail":"admin@example.com","userRole":"SUPER_ADMIN","organizationId":1,"result":"SUCCESS","details":{"assignmentIds":[10],"count":1,"productId":null}}
{"event":"INVENTORY_REMOVE_BRANCH_ASSIGNMENT","timestamp":"2026-01-30T15:28:38.127Z","userId":"f81b18b1-0aa7-4614-9206-fe4afa81f061","userEmail":"admin@example.com","userRole":"SUPER_ADMIN","organizationId":1,"result":"SUCCESS","details":{"assignmentIds":[67],"count":1,"productId":null}}
{"event":"INVENTORY_ASSIGN_BRANCH_ASSIGNMENT","timestamp":"2026-01-30T15:28:58.119Z","userId":"f81b18b1-0aa7-4614-9206-fe4afa81f061","userEmail":"admin@example.com","userRole":"SUPER_ADMIN","organizationId":1,"result":"SUCCESS","details":{"productIds":[23,21,20,19,13,3,1],"assignmentIds":[69,1,5,3,10,67,74],"count":7,"branchIds":[1],"skipped":0}}
{"event":"INVENTORY_REMOVE_BRANCH_ASSIGNMENT","timestamp":"2026-01-30T15:34:04.202Z","userId":"f81b18b1-0aa7-4614-9206-fe4afa81f061","userEmail":"admin@example.com","userRole":"SUPER_ADMIN","organizationId":1,"result":"SUCCESS","details":{"assignmentIds":[74],"count":1,"productId":null}}
{"event":"INVENTORY_ASSIGN_BRANCH_ASSIGNMENT","timestamp":"2026-01-30T15:38:17.282Z","userId":"f81b18b1-0aa7-4614-9206-fe4afa81f061","userEmail":"admin@example.com","userRole":"SUPER_ADMIN","organizationId":1,"result":"SUCCESS","details":{"productIds":[23],"assignmentIds":[74],"count":1,"branchIds":[1],"skipped":0}}
{"event":"INVENTORY_REMOVE_BRANCH_ASSIGNMENT","timestamp":"2026-01-30T15:38:48.701Z","userId":"f81b18b1-0aa7-4614-9206-fe4afa81f061","userEmail":"admin@example.com","userRole":"SUPER_ADMIN","organizationId":1,"result":"SUCCESS","details":{"assignmentIds":[74],"count":1,"productId":null}}
{"event":"INVENTORY_REMOVE_BRANCH_ASSIGNMENT","timestamp":"2026-01-30T15:38:48.902Z","userId":"f81b18b1-0aa7-4614-9206-fe4afa81f061","userEmail":"admin@example.com","userRole":"SUPER_ADMIN","organizationId":1,"result":"SUCCESS","details":{"assignmentIds":[67],"count":1,"productId":null}}
{"event":"INVENTORY_REMOVE_BRANCH_ASSIGNMENT","timestamp":"2026-01-30T15:38:49.314Z","userId":"f81b18b1-0aa7-4614-9206-fe4afa81f061","userEmail":"admin@example.com","userRole":"SUPER_ADMIN","organizationId":1,"result":"SUCCESS","details":{"assignmentIds":[10],"count":1,"productId":null}}
{"event":"INVENTORY_REMOVE_BRANCH_ASSIGNMENT","timestamp":"2026-01-30T15:38:49.322Z","userId":"f81b18b1-0aa7-4614-9206-fe4afa81f061","userEmail":"admin@example.com","userRole":"SUPER_ADMIN","organizationId":1,"result":"SUCCESS","details":{"assignmentIds":[5],"count":1,"productId":null}}
{"event":"INVENTORY_REMOVE_BRANCH_ASSIGNMENT","timestamp":"2026-01-30T15:38:49.329Z","userId":"f81b18b1-0aa7-4614-9206-fe4afa81f061","userEmail":"admin@example.com","userRole":"SUPER_ADMIN","organizationId":1,"result":"SUCCESS","details":{"assignmentIds":[3],"count":1,"productId":null}}
{"event":"INVENTORY_REMOVE_BRANCH_ASSIGNMENT","timestamp":"2026-01-30T15:38:49.337Z","userId":"f81b18b1-0aa7-4614-9206-fe4afa81f061","userEmail":"admin@example.com","userRole":"SUPER_ADMIN","organizationId":1,"result":"SUCCESS","details":{"assignmentIds":[69],"count":1,"productId":null}}
{"event":"INVENTORY_REMOVE_BRANCH_ASSIGNMENT","timestamp":"2026-01-30T15:38:49.721Z","userId":"f81b18b1-0aa7-4614-9206-fe4afa81f061","userEmail":"admin@example.com","userRole":"SUPER_ADMIN","organizationId":1,"result":"SUCCESS","details":{"assignmentIds":[1],"count":1,"productId":null}}
{"event":"INVENTORY_ASSIGN_BRANCH_ASSIGNMENT","timestamp":"2026-01-30T15:39:38.947Z","userId":"f81b18b1-0aa7-4614-9206-fe4afa81f061","userEmail":"admin@example.com","userRole":"SUPER_ADMIN","organizationId":1,"result":"SUCCESS","details":{"productIds":[23,21,20,19,13,3,1],"assignmentIds":[74,67,10,5,3,69,1],"count":7,"branchIds":[1],"skipped":0}}
{"event":"INVENTORY_REMOVE_BRANCH_ASSIGNMENT","timestamp":"2026-02-02T11:19:01.924Z","userId":"f81b18b1-0aa7-4614-9206-fe4afa81f061","userEmail":"admin@example.com","userRole":"SUPER_ADMIN","organizationId":1,"result":"SUCCESS","details":{"assignmentIds":[67],"count":1,"productId":null}}
{"event":"INVENTORY_REMOVE_BRANCH_ASSIGNMENT","timestamp":"2026-02-02T11:19:01.944Z","userId":"f81b18b1-0aa7-4614-9206-fe4afa81f061","userEmail":"admin@example.com","userRole":"SUPER_ADMIN","organizationId":1,"result":"SUCCESS","details":{"assignmentIds":[74],"count":1,"productId":null}}
{"event":"INVENTORY_REMOVE_BRANCH_ASSIGNMENT","timestamp":"2026-02-02T11:19:02.446Z","userId":"f81b18b1-0aa7-4614-9206-fe4afa81f061","userEmail":"admin@example.com","userRole":"SUPER_ADMIN","organizationId":1,"result":"SUCCESS","details":{"assignmentIds":[5],"count":1,"productId":null}}
{"event":"INVENTORY_REMOVE_BRANCH_ASSIGNMENT","timestamp":"2026-02-02T11:19:02.456Z","userId":"f81b18b1-0aa7-4614-9206-fe4afa81f061","userEmail":"admin@example.com","userRole":"SUPER_ADMIN","organizationId":1,"result":"SUCCESS","details":{"assignmentIds":[10],"count":1,"productId":null}}
{"event":"INVENTORY_REMOVE_BRANCH_ASSIGNMENT","timestamp":"2026-02-02T11:19:02.536Z","userId":"f81b18b1-0aa7-4614-9206-fe4afa81f061","userEmail":"admin@example.com","userRole":"SUPER_ADMIN","organizationId":1,"result":"SUCCESS","details":{"assignmentIds":[1],"count":1,"productId":null}}
{"event":"INVENTORY_REMOVE_BRANCH_ASSIGNMENT","timestamp":"2026-02-02T11:19:02.545Z","userId":"f81b18b1-0aa7-4614-9206-fe4afa81f061","userEmail":"admin@example.com","userRole":"SUPER_ADMIN","organizationId":1,"result":"SUCCESS","details":{"assignmentIds":[3],"count":1,"productId":null}}
{"event":"INVENTORY_REMOVE_BRANCH_ASSIGNMENT","timestamp":"2026-02-02T11:19:28.344Z","userId":"f81b18b1-0aa7-4614-9206-fe4afa81f061","userEmail":"admin@example.com","userRole":"SUPER_ADMIN","organizationId":1,"result":"SUCCESS","details":{"assignmentIds":[69],"count":1,"productId":null}}
{"event":"INVENTORY_ASSIGN_BRANCH_ASSIGNMENT","timestamp":"2026-02-02T11:19:58.449Z","userId":"f81b18b1-0aa7-4614-9206-fe4afa81f061","userEmail":"admin@example.com","userRole":"SUPER_ADMIN","organizationId":1,"result":"SUCCESS","details":{"productIds":[23,21,20,19,13,3,1],"assignmentIds":[74,67,10,5,1,3,69],"count":7,"branchIds":[1],"groupId":22,"groupName":"developerdddd","skipped":0}}
{"event":"INVENTORY_REMOVE_BRANCH_ASSIGNMENT","timestamp":"2026-02-02T11:20:20.362Z","userId":"f81b18b1-0aa7-4614-9206-fe4afa81f061","userEmail":"admin@example.com","userRole":"SUPER_ADMIN","organizationId":1,"result":"SUCCESS","details":{"assignmentIds":[74],"count":1,"productId":null}}
{"event":"INVENTORY_REMOVE_BRANCH_ASSIGNMENT","timestamp":"2026-02-02T11:20:20.370Z","userId":"f81b18b1-0aa7-4614-9206-fe4afa81f061","userEmail":"admin@example.com","userRole":"SUPER_ADMIN","organizationId":1,"result":"SUCCESS","details":{"assignmentIds":[3],"count":1,"productId":null}}
{"event":"INVENTORY_REMOVE_BRANCH_ASSIGNMENT","timestamp":"2026-02-02T11:20:20.378Z","userId":"f81b18b1-0aa7-4614-9206-fe4afa81f061","userEmail":"admin@example.com","userRole":"SUPER_ADMIN","organizationId":1,"result":"SUCCESS","details":{"assignmentIds":[10],"count":1,"productId":null}}
{"event":"INVENTORY_REMOVE_BRANCH_ASSIGNMENT","timestamp":"2026-02-02T11:20:21.083Z","userId":"f81b18b1-0aa7-4614-9206-fe4afa81f061","userEmail":"admin@example.com","userRole":"SUPER_ADMIN","organizationId":1,"result":"SUCCESS","details":{"assignmentIds":[67],"count":1,"productId":null}}
{"event":"INVENTORY_REMOVE_BRANCH_ASSIGNMENT","timestamp":"2026-02-02T11:20:21.093Z","userId":"f81b18b1-0aa7-4614-9206-fe4afa81f061","userEmail":"admin@example.com","userRole":"SUPER_ADMIN","organizationId":1,"result":"SUCCESS","details":{"assignmentIds":[5],"count":1,"productId":null}}
{"event":"INVENTORY_REMOVE_BRANCH_ASSIGNMENT","timestamp":"2026-02-02T11:20:21.106Z","userId":"f81b18b1-0aa7-4614-9206-fe4afa81f061","userEmail":"admin@example.com","userRole":"SUPER_ADMIN","organizationId":1,"result":"SUCCESS","details":{"assignmentIds":[69],"count":1,"productId":null}}
{"event":"INVENTORY_REMOVE_BRANCH_ASSIGNMENT","timestamp":"2026-02-02T11:20:21.181Z","userId":"f81b18b1-0aa7-4614-9206-fe4afa81f061","userEmail":"admin@example.com","userRole":"SUPER_ADMIN","organizationId":1,"result":"SUCCESS","details":{"assignmentIds":[1],"count":1,"productId":null}}
{"event":"INVENTORY_ASSIGN_BRANCH_ASSIGNMENT","timestamp":"2026-02-02T11:21:36.445Z","userId":"f81b18b1-0aa7-4614-9206-fe4afa81f061","userEmail":"admin@example.com","userRole":"SUPER_ADMIN","organizationId":1,"result":"SUCCESS","details":{"productIds":[23,21,20,19,13,3,1],"assignmentIds":[74,3,10,67,5,69,1],"count":7,"branchIds":[2,1],"groupId":22,"groupName":"developerdddd","skipped":7}}
{"event":"INVENTORY_REMOVE_BRANCH_ASSIGNMENT","timestamp":"2026-02-02T11:21:57.079Z","userId":"f81b18b1-0aa7-4614-9206-fe4afa81f061","userEmail":"admin@example.com","userRole":"SUPER_ADMIN","organizationId":1,"result":"SUCCESS","details":{"assignmentIds":[68],"count":1,"productId":null}}
{"event":"INVENTORY_REMOVE_BRANCH_ASSIGNMENT","timestamp":"2026-02-02T11:21:57.131Z","userId":"f81b18b1-0aa7-4614-9206-fe4afa81f061","userEmail":"admin@example.com","userRole":"SUPER_ADMIN","organizationId":1,"result":"SUCCESS","details":{"assignmentIds":[1],"count":1,"productId":null}}
{"event":"INVENTORY_REMOVE_BRANCH_ASSIGNMENT","timestamp":"2026-02-02T11:21:57.145Z","userId":"f81b18b1-0aa7-4614-9206-fe4afa81f061","userEmail":"admin@example.com","userRole":"SUPER_ADMIN","organizationId":1,"result":"SUCCESS","details":{"assignmentIds":[73],"count":1,"productId":null}}
{"event":"INVENTORY_REMOVE_BRANCH_ASSIGNMENT","timestamp":"2026-02-02T11:21:57.850Z","userId":"f81b18b1-0aa7-4614-9206-fe4afa81f061","userEmail":"admin@example.com","userRole":"SUPER_ADMIN","organizationId":1,"result":"SUCCESS","details":{"assignmentIds":[70],"count":1,"productId":null}}
{"event":"INVENTORY_REMOVE_BRANCH_ASSIGNMENT","timestamp":"2026-02-02T11:21:57.861Z","userId":"f81b18b1-0aa7-4614-9206-fe4afa81f061","userEmail":"admin@example.com","userRole":"SUPER_ADMIN","organizationId":1,"result":"SUCCESS","details":{"assignmentIds":[74],"count":1,"productId":null}}
{"event":"INVENTORY_REMOVE_BRANCH_ASSIGNMENT","timestamp":"2026-02-02T11:21:57.870Z","userId":"f81b18b1-0aa7-4614-9206-fe4afa81f061","userEmail":"admin@example.com","userRole":"SUPER_ADMIN","organizationId":1,"result":"SUCCESS","details":{"assignmentIds":[69],"count":1,"productId":null}}
{"event":"INVENTORY_REMOVE_BRANCH_ASSIGNMENT","timestamp":"2026-02-02T11:21:57.951Z","userId":"f81b18b1-0aa7-4614-9206-fe4afa81f061","userEmail":"admin@example.com","userRole":"SUPER_ADMIN","organizationId":1,"result":"SUCCESS","details":{"assignmentIds":[67],"count":1,"productId":null}}
{"event":"INVENTORY_REMOVE_BRANCH_ASSIGNMENT","timestamp":"2026-02-02T11:21:58.006Z","userId":"f81b18b1-0aa7-4614-9206-fe4afa81f061","userEmail":"admin@example.com","userRole":"SUPER_ADMIN","organizationId":1,"result":"SUCCESS","details":{"assignmentIds":[66],"count":1,"productId":null}}
{"event":"INVENTORY_REMOVE_BRANCH_ASSIGNMENT","timestamp":"2026-02-02T11:21:58.090Z","userId":"f81b18b1-0aa7-4614-9206-fe4afa81f061","userEmail":"admin@example.com","userRole":"SUPER_ADMIN","organizationId":1,"result":"SUCCESS","details":{"assignmentIds":[11],"count":1,"productId":null}}
{"event":"INVENTORY_REMOVE_BRANCH_ASSIGNMENT","timestamp":"2026-02-02T11:21:58.772Z","userId":"f81b18b1-0aa7-4614-9206-fe4afa81f061","userEmail":"admin@example.com","userRole":"SUPER_ADMIN","organizationId":1,"result":"SUCCESS","details":{"assignmentIds":[5],"count":1,"productId":null}}
{"event":"INVENTORY_REMOVE_BRANCH_ASSIGNMENT","timestamp":"2026-02-02T11:21:58.782Z","userId":"f81b18b1-0aa7-4614-9206-fe4afa81f061","userEmail":"admin@example.com","userRole":"SUPER_ADMIN","organizationId":1,"result":"SUCCESS","details":{"assignmentIds":[4],"count":1,"productId":null}}
{"event":"INVENTORY_REMOVE_BRANCH_ASSIGNMENT","timestamp":"2026-02-02T11:21:58.794Z","userId":"f81b18b1-0aa7-4614-9206-fe4afa81f061","userEmail":"admin@example.com","userRole":"SUPER_ADMIN","organizationId":1,"result":"SUCCESS","details":{"assignmentIds":[2],"count":1,"productId":null}}
{"event":"INVENTORY_REMOVE_BRANCH_ASSIGNMENT","timestamp":"2026-02-02T11:21:58.808Z","userId":"f81b18b1-0aa7-4614-9206-fe4afa81f061","userEmail":"admin@example.com","userRole":"SUPER_ADMIN","organizationId":1,"result":"SUCCESS","details":{"assignmentIds":[10],"count":1,"productId":null}}
{"event":"INVENTORY_REMOVE_BRANCH_ASSIGNMENT","timestamp":"2026-02-02T11:21:59.016Z","userId":"f81b18b1-0aa7-4614-9206-fe4afa81f061","userEmail":"admin@example.com","userRole":"SUPER_ADMIN","organizationId":1,"result":"SUCCESS","details":{"assignmentIds":[3],"count":1,"productId":null}}
{"event":"INVENTORY_ASSIGN_BRANCH_ASSIGNMENT","timestamp":"2026-02-02T11:22:17.693Z","userId":"f81b18b1-0aa7-4614-9206-fe4afa81f061","userEmail":"admin@example.com","userRole":"SUPER_ADMIN","organizationId":1,"result":"SUCCESS","details":{"productIds":[23,21,20,19,13,3,1],"assignmentIds":[68,1,73,70,74,69,67,66,11,10,5,4,2,3],"count":14,"branchIds":[2,1],"groupId":22,"groupName":"developerdddd","skipped":0}}
{"event":"INVENTORY_REMOVE_BRANCH_ASSIGNMENT","timestamp":"2026-02-02T11:22:45.363Z","userId":"f81b18b1-0aa7-4614-9206-fe4afa81f061","userEmail":"admin@example.com","userRole":"SUPER_ADMIN","organizationId":1,"result":"SUCCESS","details":{"assignmentIds":[3],"count":1,"productId":null}}
{"event":"INVENTORY_REMOVE_BRANCH_ASSIGNMENT","timestamp":"2026-02-02T11:22:45.379Z","userId":"f81b18b1-0aa7-4614-9206-fe4afa81f061","userEmail":"admin@example.com","userRole":"SUPER_ADMIN","organizationId":1,"result":"SUCCESS","details":{"assignmentIds":[2],"count":1,"productId":null}}
{"event":"INVENTORY_REMOVE_BRANCH_ASSIGNMENT","timestamp":"2026-02-02T11:22:45.395Z","userId":"f81b18b1-0aa7-4614-9206-fe4afa81f061","userEmail":"admin@example.com","userRole":"SUPER_ADMIN","organizationId":1,"result":"SUCCESS","details":{"assignmentIds":[74],"count":1,"productId":null}}
{"event":"INVENTORY_REMOVE_BRANCH_ASSIGNMENT","timestamp":"2026-02-02T11:22:45.411Z","userId":"f81b18b1-0aa7-4614-9206-fe4afa81f061","userEmail":"admin@example.com","userRole":"SUPER_ADMIN","organizationId":1,"result":"SUCCESS","details":{"assignmentIds":[5],"count":1,"productId":null}}
{"event":"INVENTORY_REMOVE_BRANCH_ASSIGNMENT","timestamp":"2026-02-02T11:22:45.464Z","userId":"f81b18b1-0aa7-4614-9206-fe4afa81f061","userEmail":"admin@example.com","userRole":"SUPER_ADMIN","organizationId":1,"result":"SUCCESS","details":{"assignmentIds":[73],"count":1,"productId":null}}
{"event":"INVENTORY_REMOVE_BRANCH_ASSIGNMENT","timestamp":"2026-02-02T11:22:45.472Z","userId":"f81b18b1-0aa7-4614-9206-fe4afa81f061","userEmail":"admin@example.com","userRole":"SUPER_ADMIN","organizationId":1,"result":"SUCCESS","details":{"assignmentIds":[4],"count":1,"productId":null}}
{"event":"INVENTORY_REMOVE_BRANCH_ASSIGNMENT","timestamp":"2026-02-02T11:24:18.442Z","userId":"f81b18b1-0aa7-4614-9206-fe4afa81f061","userEmail":"admin@example.com","userRole":"SUPER_ADMIN","organizationId":1,"result":"SUCCESS","details":{"assignmentIds":[11],"count":1,"productId":null}}
{"event":"INVENTORY_REMOVE_BRANCH_ASSIGNMENT","timestamp":"2026-02-02T11:24:18.452Z","userId":"f81b18b1-0aa7-4614-9206-fe4afa81f061","userEmail":"admin@example.com","userRole":"SUPER_ADMIN","organizationId":1,"result":"SUCCESS","details":{"assignmentIds":[67],"count":1,"productId":null}}
{"event":"INVENTORY_REMOVE_BRANCH_ASSIGNMENT","timestamp":"2026-02-02T11:24:18.465Z","userId":"f81b18b1-0aa7-4614-9206-fe4afa81f061","userEmail":"admin@example.com","userRole":"SUPER_ADMIN","organizationId":1,"result":"SUCCESS","details":{"assignmentIds":[69],"count":1,"productId":null}}
{"event":"INVENTORY_REMOVE_BRANCH_ASSIGNMENT","timestamp":"2026-02-02T11:24:19.264Z","userId":"f81b18b1-0aa7-4614-9206-fe4afa81f061","userEmail":"admin@example.com","userRole":"SUPER_ADMIN","organizationId":1,"result":"SUCCESS","details":{"assignmentIds":[68],"count":1,"productId":null}}
{"event":"INVENTORY_REMOVE_BRANCH_ASSIGNMENT","timestamp":"2026-02-02T11:24:19.283Z","userId":"f81b18b1-0aa7-4614-9206-fe4afa81f061","userEmail":"admin@example.com","userRole":"SUPER_ADMIN","organizationId":1,"result":"SUCCESS","details":{"assignmentIds":[66],"count":1,"productId":null}}
{"event":"INVENTORY_REMOVE_BRANCH_ASSIGNMENT","timestamp":"2026-02-02T11:24:19.303Z","userId":"f81b18b1-0aa7-4614-9206-fe4afa81f061","userEmail":"admin@example.com","userRole":"SUPER_ADMIN","organizationId":1,"result":"SUCCESS","details":{"assignmentIds":[10],"count":1,"productId":null}}
{"event":"INVENTORY_REMOVE_BRANCH_ASSIGNMENT","timestamp":"2026-02-02T11:24:30.220Z","userId":"f81b18b1-0aa7-4614-9206-fe4afa81f061","userEmail":"admin@example.com","userRole":"SUPER_ADMIN","organizationId":1,"result":"SUCCESS","details":{"assignmentIds":[70],"count":1,"productId":null}}
{"event":"INVENTORY_REMOVE_BRANCH_ASSIGNMENT","timestamp":"2026-02-02T11:24:30.230Z","userId":"f81b18b1-0aa7-4614-9206-fe4afa81f061","userEmail":"admin@example.com","userRole":"SUPER_ADMIN","organizationId":1,"result":"SUCCESS","details":{"assignmentIds":[1],"count":1,"productId":null}}
{"event":"INVENTORY_ASSIGN_BRANCH_ASSIGNMENT","timestamp":"2026-02-02T11:24:49.368Z","userId":"f81b18b1-0aa7-4614-9206-fe4afa81f061","userEmail":"admin@example.com","userRole":"SUPER_ADMIN","organizationId":1,"result":"SUCCESS","details":{"productIds":[23,21,20,19,13,3,1],"assignmentIds":[3,74,2,5,73,4,11,67,69,68,66,10,70,1],"count":14,"branchIds":[2,1],"groupId":22,"groupName":"developerdddd","skipped":0}}
{"event":"INVENTORY_REMOVE_BRANCH_ASSIGNMENT","timestamp":"2026-02-02T11:25:44.357Z","userId":"f81b18b1-0aa7-4614-9206-fe4afa81f061","userEmail":"admin@example.com","userRole":"SUPER_ADMIN","organizationId":1,"result":"SUCCESS","details":{"assignmentIds":[74],"count":1,"productId":null}}
{"event":"INVENTORY_REMOVE_BRANCH_ASSIGNMENT","timestamp":"2026-02-02T11:25:44.462Z","userId":"f81b18b1-0aa7-4614-9206-fe4afa81f061","userEmail":"admin@example.com","userRole":"SUPER_ADMIN","organizationId":1,"result":"SUCCESS","details":{"assignmentIds":[73],"count":1,"productId":null}}
{"event":"INVENTORY_REMOVE_BRANCH_ASSIGNMENT","timestamp":"2026-02-02T11:25:45.176Z","userId":"f81b18b1-0aa7-4614-9206-fe4afa81f061","userEmail":"admin@example.com","userRole":"SUPER_ADMIN","organizationId":1,"result":"SUCCESS","details":{"assignmentIds":[68],"count":1,"productId":null}}
{"event":"INVENTORY_REMOVE_BRANCH_ASSIGNMENT","timestamp":"2026-02-02T11:25:45.189Z","userId":"f81b18b1-0aa7-4614-9206-fe4afa81f061","userEmail":"admin@example.com","userRole":"SUPER_ADMIN","organizationId":1,"result":"SUCCESS","details":{"assignmentIds":[70],"count":1,"productId":null}}
{"event":"INVENTORY_REMOVE_BRANCH_ASSIGNMENT","timestamp":"2026-02-02T11:25:45.203Z","userId":"f81b18b1-0aa7-4614-9206-fe4afa81f061","userEmail":"admin@example.com","userRole":"SUPER_ADMIN","organizationId":1,"result":"SUCCESS","details":{"assignmentIds":[4],"count":1,"productId":null}}
{"event":"INVENTORY_REMOVE_BRANCH_ASSIGNMENT","timestamp":"2026-02-02T11:25:45.219Z","userId":"f81b18b1-0aa7-4614-9206-fe4afa81f061","userEmail":"admin@example.com","userRole":"SUPER_ADMIN","organizationId":1,"result":"SUCCESS","details":{"assignmentIds":[69],"count":1,"productId":null}}
{"event":"INVENTORY_REMOVE_BRANCH_ASSIGNMENT","timestamp":"2026-02-02T11:25:45.232Z","userId":"f81b18b1-0aa7-4614-9206-fe4afa81f061","userEmail":"admin@example.com","userRole":"SUPER_ADMIN","organizationId":1,"result":"SUCCESS","details":{"assignmentIds":[1],"count":1,"productId":null}}
{"event":"INVENTORY_REMOVE_BRANCH_ASSIGNMENT","timestamp":"2026-02-02T11:25:45.485Z","userId":"f81b18b1-0aa7-4614-9206-fe4afa81f061","userEmail":"admin@example.com","userRole":"SUPER_ADMIN","organizationId":1,"result":"SUCCESS","details":{"assignmentIds":[5],"count":1,"productId":null}}
{"event":"INVENTORY_REMOVE_BRANCH_ASSIGNMENT","timestamp":"2026-02-02T11:25:46.610Z","userId":"f81b18b1-0aa7-4614-9206-fe4afa81f061","userEmail":"admin@example.com","userRole":"SUPER_ADMIN","organizationId":1,"result":"SUCCESS","details":{"assignmentIds":[3],"count":1,"productId":null}}
{"event":"INVENTORY_REMOVE_BRANCH_ASSIGNMENT","timestamp":"2026-02-02T11:25:46.618Z","userId":"f81b18b1-0aa7-4614-9206-fe4afa81f061","userEmail":"admin@example.com","userRole":"SUPER_ADMIN","organizationId":1,"result":"SUCCESS","details":{"assignmentIds":[2],"count":1,"productId":null}}
{"event":"INVENTORY_REMOVE_BRANCH_ASSIGNMENT","timestamp":"2026-02-02T11:28:12.222Z","userId":"f81b18b1-0aa7-4614-9206-fe4afa81f061","userEmail":"admin@example.com","userRole":"SUPER_ADMIN","organizationId":1,"result":"SUCCESS","details":{"assignmentIds":[67],"count":1,"productId":null}}
{"event":"INVENTORY_REMOVE_BRANCH_ASSIGNMENT","timestamp":"2026-02-02T11:28:12.231Z","userId":"f81b18b1-0aa7-4614-9206-fe4afa81f061","userEmail":"admin@example.com","userRole":"SUPER_ADMIN","organizationId":1,"result":"SUCCESS","details":{"assignmentIds":[10],"count":1,"productId":null}}
{"event":"INVENTORY_REMOVE_BRANCH_ASSIGNMENT","timestamp":"2026-02-02T11:28:12.633Z","userId":"f81b18b1-0aa7-4614-9206-fe4afa81f061","userEmail":"admin@example.com","userRole":"SUPER_ADMIN","organizationId":1,"result":"SUCCESS","details":{"assignmentIds":[66],"count":1,"productId":null}}
{"event":"INVENTORY_REMOVE_BRANCH_ASSIGNMENT","timestamp":"2026-02-02T11:28:12.643Z","userId":"f81b18b1-0aa7-4614-9206-fe4afa81f061","userEmail":"admin@example.com","userRole":"SUPER_ADMIN","organizationId":1,"result":"SUCCESS","details":{"assignmentIds":[11],"count":1,"productId":null}}
{"event":"INVENTORY_ASSIGN_BRANCH_ASSIGNMENT","timestamp":"2026-02-02T11:31:40.407Z","userId":"f81b18b1-0aa7-4614-9206-fe4afa81f061","userEmail":"admin@example.com","userRole":"SUPER_ADMIN","organizationId":1,"result":"SUCCESS","details":{"productIds":[23,21,20,19,13,3,1],"assignmentIds":[74,73,68,70,4,69,1,5,2,3,67,10,66,11],"count":14,"branchIds":[2,1],"groupId":22,"groupName":"developerdddd","skipped":0}}
{"event":"INVENTORY_REMOVE_BRANCH_ASSIGNMENT","timestamp":"2026-02-12T14:18:49.194Z","userId":"82b120b3-da15-4535-8995-9c0b37bbc698","userEmail":"admin@example.com","userRole":"SUPER_ADMIN","organizationId":1,"result":"SUCCESS","details":{"assignmentIds":[66],"count":1,"productId":null}}
{"event":"INVENTORY_REMOVE_BRANCH_ASSIGNMENT","timestamp":"2026-02-12T14:18:49.220Z","userId":"82b120b3-da15-4535-8995-9c0b37bbc698","userEmail":"admin@example.com","userRole":"SUPER_ADMIN","organizationId":1,"result":"SUCCESS","details":{"assignmentIds":[73],"count":1,"productId":null}}
{"event":"INVENTORY_REMOVE_BRANCH_ASSIGNMENT","timestamp":"2026-02-12T14:18:49.872Z","userId":"82b120b3-da15-4535-8995-9c0b37bbc698","userEmail":"admin@example.com","userRole":"SUPER_ADMIN","organizationId":1,"result":"SUCCESS","details":{"assignmentIds":[67],"count":1,"productId":null}}
{"event":"INVENTORY_REMOVE_BRANCH_ASSIGNMENT","timestamp":"2026-02-12T14:18:49.882Z","userId":"82b120b3-da15-4535-8995-9c0b37bbc698","userEmail":"admin@example.com","userRole":"SUPER_ADMIN","organizationId":1,"result":"SUCCESS","details":{"assignmentIds":[69],"count":1,"productId":null}}
{"event":"INVENTORY_REMOVE_BRANCH_ASSIGNMENT","timestamp":"2026-02-12T14:18:49.898Z","userId":"82b120b3-da15-4535-8995-9c0b37bbc698","userEmail":"admin@example.com","userRole":"SUPER_ADMIN","organizationId":1,"result":"SUCCESS","details":{"assignmentIds":[68],"count":1,"productId":null}}
{"event":"INVENTORY_REMOVE_BRANCH_ASSIGNMENT","timestamp":"2026-02-12T14:18:49.911Z","userId":"82b120b3-da15-4535-8995-9c0b37bbc698","userEmail":"admin@example.com","userRole":"SUPER_ADMIN","organizationId":1,"result":"SUCCESS","details":{"assignmentIds":[74],"count":1,"productId":null}}
{"event":"INVENTORY_REMOVE_BRANCH_ASSIGNMENT","timestamp":"2026-02-12T14:18:50.486Z","userId":"82b120b3-da15-4535-8995-9c0b37bbc698","userEmail":"admin@example.com","userRole":"SUPER_ADMIN","organizationId":1,"result":"SUCCESS","details":{"assignmentIds":[10],"count":1,"productId":null}}
{"event":"INVENTORY_REMOVE_BRANCH_ASSIGNMENT","timestamp":"2026-02-12T14:18:50.496Z","userId":"82b120b3-da15-4535-8995-9c0b37bbc698","userEmail":"admin@example.com","userRole":"SUPER_ADMIN","organizationId":1,"result":"SUCCESS","details":{"assignmentIds":[11],"count":1,"productId":null}}
{"event":"INVENTORY_REMOVE_BRANCH_ASSIGNMENT","timestamp":"2026-02-12T14:18:51.209Z","userId":"82b120b3-da15-4535-8995-9c0b37bbc698","userEmail":"admin@example.com","userRole":"SUPER_ADMIN","organizationId":1,"result":"SUCCESS","details":{"assignmentIds":[3],"count":1,"productId":null}}
{"event":"INVENTORY_REMOVE_BRANCH_ASSIGNMENT","timestamp":"2026-02-12T14:18:51.305Z","userId":"82b120b3-da15-4535-8995-9c0b37bbc698","userEmail":"admin@example.com","userRole":"SUPER_ADMIN","organizationId":1,"result":"SUCCESS","details":{"assignmentIds":[2],"count":1,"productId":null}}
{"event":"INVENTORY_ASSIGN_BRANCH_ASSIGNMENT","timestamp":"2026-02-12T14:19:24.484Z","userId":"82b120b3-da15-4535-8995-9c0b37bbc698","userEmail":"admin@example.com","userRole":"SUPER_ADMIN","organizationId":1,"result":"SUCCESS","details":{"productIds":[31,25,23,20,19,13,3],"assignmentIds":[73,66,67,69,68,74,10,11,3,2,77,78,79,80],"count":14,"branchIds":[2,1],"groupId":22,"groupName":"developerdddd","skipped":0}}
{"event":"INVENTORY_ASSIGN_BRANCH_ASSIGNMENT","timestamp":"2026-02-14T11:09:28.784Z","userId":"82b120b3-da15-4535-8995-9c0b37bbc698","userEmail":"admin@example.com","userRole":"SUPER_ADMIN","organizationId":1,"result":"SUCCESS","details":{"productIds":[20,19],"assignmentIds":[85,86],"count":2,"branchIds":[2,1,38],"groupId":36,"groupName":"developers","skipped":4}}
